<?xml version="1.0" encoding="UTF-8"?>
<robot generator="Robot 5.0 (Python 3.7.5 on win32)" generated="20220513 22:28:38.988" rpa="true" schemaversion="3">
<suite id="s1" name="WrongPasswordTasks" source="c:\Users\Pc\Documents\GitHub\AutomationTestRPA\UnsuccessfulLogin\WrongPassword\WrongPasswordTasks.robot">
<test id="s1-t1" name="Unsuccessful login in website" line="14">
<kw name="Open website">
<kw name="Open Available Browser" library="RPA.Browser.Selenium">
<arg>${URL}</arg>
<doc>Attempts to open a browser on the user's device from a set of
supported browsers. Automatically downloads a corresponding webdriver
if none is already installed.</doc>
<msg timestamp="20220513 22:28:40.070" level="INFO">Creating an instance of the Chrome WebDriver.</msg>
<msg timestamp="20220513 22:28:40.095" level="INFO">Created download root directory: C:\Users\Pc\AppData\Local\robocorp\webdrivers</msg>
<msg timestamp="20220513 22:28:40.096" level="INFO">Created symlink directory: C:\Users\Pc\AppData\Local\robocorp\webdrivers</msg>
<msg timestamp="20220513 22:28:40.096" level="INFO">Creating an instance of the Chrome WebDriver.</msg>
<msg timestamp="20220513 22:28:41.522" level="INFO">Created Chrome browser with arguments: --disable-dev-shm-usage --disable-web-security --allow-running-insecure-content --no-sandbox</msg>
<msg timestamp="20220513 22:28:41.522" level="INFO" html="true">&lt;p&gt;Attempted combinations:&lt;/p&gt;&lt;div class="doc"&gt;&lt;table&gt;&lt;tr&gt;&lt;th&gt;Browser&lt;/th&gt;&lt;th&gt;Download&lt;/th&gt;&lt;th&gt;Error&lt;/th&gt;&lt;/tr&gt;&lt;tr&gt;&lt;td&gt;Chrome&lt;/td&gt;&lt;td&gt;False&lt;/td&gt;&lt;td&gt;Message: 'chromedriver' executable needs to be in PATH. Please see https://sites.google.com/a/chromium.org/chromedriver/home
&lt;/td&gt;&lt;/tr&gt;&lt;tr&gt;&lt;td&gt;Chrome&lt;/td&gt;&lt;td&gt;True&lt;/td&gt;&lt;td&gt;&lt;/td&gt;&lt;/tr&gt;&lt;/table&gt;&lt;/div&gt;</msg>
<msg timestamp="20220513 22:28:41.522" level="INFO">Opening url 'http://automationpractice.com/index.php'</msg>
<status status="PASS" starttime="20220513 22:28:40.069" endtime="20220513 22:28:52.986"/>
</kw>
<status status="PASS" starttime="20220513 22:28:40.068" endtime="20220513 22:28:52.987"/>
</kw>
<kw name="Log in">
<kw name="Click Element" library="RPA.Browser.Selenium">
<arg>xpath://a[contains(text(),'Sign in') and @class='login']</arg>
<doc>Click the element identified by ``locator``.</doc>
<msg timestamp="20220513 22:28:52.990" level="INFO">Clicking element 'xpath://a[contains(text(),'Sign in') and @class='login']'.</msg>
<status status="PASS" starttime="20220513 22:28:52.989" endtime="20220513 22:28:56.232"/>
</kw>
<kw name="Input Text" library="RPA.Browser.Selenium">
<arg>id:email</arg>
<arg>${email}</arg>
<doc>Types the given ``text`` into the text field identified by ``locator``.</doc>
<msg timestamp="20220513 22:28:56.232" level="INFO">Typing text 'luiz@mail.com' into text field 'id:email'.</msg>
<status status="PASS" starttime="20220513 22:28:56.232" endtime="20220513 22:28:56.333"/>
</kw>
<kw name="Input Text" library="RPA.Browser.Selenium">
<arg>id:passwd</arg>
<arg>${password}</arg>
<doc>Types the given ``text`` into the text field identified by ``locator``.</doc>
<msg timestamp="20220513 22:28:56.333" level="INFO">Typing text 'asdasd' into text field 'id:passwd'.</msg>
<status status="PASS" starttime="20220513 22:28:56.333" endtime="20220513 22:28:56.417"/>
</kw>
<kw name="Click Button" library="RPA.Browser.Selenium">
<arg>id:SubmitLogin</arg>
<doc>Clicks the button identified by ``locator``.</doc>
<msg timestamp="20220513 22:28:56.418" level="INFO">Clicking button 'id:SubmitLogin'.</msg>
<status status="PASS" starttime="20220513 22:28:56.418" endtime="20220513 22:28:59.046"/>
</kw>
<kw name="Page Should Contain" library="RPA.Browser.Selenium">
<arg>Authentication failed.</arg>
<doc>Verifies that current page contains ``text``.</doc>
<msg timestamp="20220513 22:28:59.059" level="INFO">Current page contains text 'Authentication failed.'.</msg>
<status status="PASS" starttime="20220513 22:28:59.046" endtime="20220513 22:28:59.059"/>
</kw>
<status status="PASS" starttime="20220513 22:28:52.988" endtime="20220513 22:28:59.059"/>
</kw>
<kw name="Close the browser" type="TEARDOWN">
<kw name="Close Browser" library="RPA.Browser.Selenium">
<doc>Closes the current browser.</doc>
<status status="PASS" starttime="20220513 22:28:59.060" endtime="20220513 22:29:01.213"/>
</kw>
<status status="PASS" starttime="20220513 22:28:59.060" endtime="20220513 22:29:01.213"/>
</kw>
<status status="PASS" starttime="20220513 22:28:40.065" endtime="20220513 22:29:01.213"/>
</test>
<doc>Unsuccessful Login with wrong password in http://automationpractice.com/index.php</doc>
<status status="PASS" starttime="20220513 22:28:38.991" endtime="20220513 22:29:01.216"/>
</suite>
<statistics>
<total>
<stat pass="1" fail="0" skip="0">All Tasks</stat>
</total>
<tag>
</tag>
<suite>
<stat pass="1" fail="0" skip="0" id="s1" name="WrongPasswordTasks">WrongPasswordTasks</stat>
</suite>
</statistics>
<errors>
</errors>
</robot>
